Arguments: 
  /home/vendana123/.nvm/versions/node/v16.15.1/bin/node /home/vendana123/.nvm/versions/node/v16.15.1/bin/yarn install

PATH: 
  ./bin:./node_modules/.bin:/home/vendana123/.nvm/versions/node/v16.15.1/bin:/home/vendana123/.rbenv/shims:/home/vendana123/.rbenv/bin:/home/vendana123/.pyenv/bin:/usr/local/sbin:/usr/local/bin:/usr/sbin:/usr/bin:/sbin:/bin:/usr/games:/usr/local/games:/usr/lib/wsl/lib:/mnt/c/Windows/system32:/mnt/c/Windows:/mnt/c/Windows/System32/Wbem:/mnt/c/Windows/System32/WindowsPowerShell/v1.0/:/mnt/c/Windows/System32/OpenSSH/:/mnt/c/Users/HP/AppData/Local/Microsoft/WindowsApps:/mnt/c/Users/HP/AppData/Local/Programs/Microsoft VS Code/bin:/usr/local/sbin

Yarn version: 
  1.22.19

Node version: 
  16.15.1

Platform: 
  linux x64

Trace: 
  SyntaxError: /home/vendana123/code/Vendana123/KIBONBAZ/package.json: Unexpected end of JSON input
      at JSON.parse (<anonymous>)
      at /home/vendana123/.nvm/versions/node/v16.15.1/lib/node_modules/yarn/lib/cli.js:1629:59
      at Generator.next (<anonymous>)
      at step (/home/vendana123/.nvm/versions/node/v16.15.1/lib/node_modules/yarn/lib/cli.js:310:30)
      at /home/vendana123/.nvm/versions/node/v16.15.1/lib/node_modules/yarn/lib/cli.js:321:13

npm manifest: 
  

yarn manifest: 
  No manifest

Lockfile: 
  # THIS IS AN AUTOGENERATED FILE. DO NOT EDIT THIS FILE DIRECTLY.
  # yarn lockfile v1
